This file contains any messages produced by compilers while
running configure, to aid debugging if configure makes a mistake.

configure:531: checking for c++
configure:562: checking whether the C++ compiler (c++  ) works
configure:576: c++ -o conftest    conftest.C  1>&5
configure:602: checking whether the C++ compiler (c++  ) is a cross-compiler
configure:607: checking whether we are using GNU C++
configure:616: c++ -E conftest.C
configure:631: checking whether c++ accepts -g
configure:688: checking for a BSD compatible install
configure:739: checking how to run the C preprocessor
configure:760: gcc -E  conftest.c >/dev/null 2>conftest.out
configure:804: checking for X
configure:1118: checking for dnet_ntoa in -ldnet
configure:1137: gcc -o conftest    conftest.c -ldnet   1>&5
ld: cannot open -ldnet: No such file or directory
configure: failed program was:
#line 1126 "configure"
#include "confdefs.h"
/* Override any gcc2 internal prototype to avoid an error.  */
/* We use char because int might match the return type of a gcc2
    builtin and then its argument prototype would still apply.  */
char dnet_ntoa();

int main() {
dnet_ntoa()
; return 0; }
configure:1159: checking for dnet_ntoa in -ldnet_stub
configure:1178: gcc -o conftest    conftest.c -ldnet_stub   1>&5
ld: cannot open -ldnet_stub: No such file or directory
configure: failed program was:
#line 1167 "configure"
#include "confdefs.h"
/* Override any gcc2 internal prototype to avoid an error.  */
/* We use char because int might match the return type of a gcc2
    builtin and then its argument prototype would still apply.  */
char dnet_ntoa();

int main() {
dnet_ntoa()
; return 0; }
configure:1207: checking for gethostbyname
configure:1235: gcc -o conftest    conftest.c  1>&5
configure:1305: checking for connect
configure:1333: gcc -o conftest    conftest.c  1>&5
configure:1397: checking for remove
configure:1425: gcc -o conftest    conftest.c  1>&5
configure:1489: checking for shmat
configure:1517: gcc -o conftest    conftest.c  1>&5
configure:1590: checking for IceConnectionNumber in -lICE
configure:1609: gcc -o conftest    -L/usr/X11R6/lib conftest.c -lICE   1>&5
configure:1637: checking for sys/select.h
configure:1647: gcc -E  conftest.c >/dev/null 2>conftest.out
