2449994.50000 (M/D/Y: 10/4/1995)
Flt V0      V0err   kp     kperr   kpp    kpperr
B:  18.008  0.041  -0.186  0.023   0.330  0.000
V:  18.792  0.029  -0.369  0.017   0.170  0.000
R:  18.735  0.032  -0.362  0.020   0.030  0.000
I:  17.836  0.061  -0.172  0.040   0.020  0.000

2450015.50000 (M/D/Y: 10/25/1995)
Flt V0      V0err   kp     kperr   kpp    kpperr
B:  18.127  0.044  -0.230  0.017   0.330  0.000
V:  18.097  0.337  -0.064  0.118   0.170  0.000
R:  18.326  0.027  -0.047  0.018   0.030  0.000
I:  17.675  0.025  -0.061  0.017   0.020  0.000

2450019.50000 (M/D/Y: 10/29/1995)
Flt V0      V0err   kp     kperr   kpp    kpperr
B:  18.221  0.047  -0.252  0.019   0.330  0.000
V:  18.725  0.068  -0.256  0.023   0.170  0.000
R:  18.375  0.046  -0.097  0.015   0.030  0.000
I:  17.667  0.053  -0.066  0.019   0.020  0.000

2450006.50000 (M/D/Y: 10/16/1995)
Flt V0      V0err   kp     kperr   kpp    kpperr
B:  18.221  0.047  -0.252  0.019   0.330  0.000
V:  18.725  0.068  -0.256  0.023   0.170  0.000
R:  18.375  0.046  -0.097  0.015   0.030  0.000
I:  17.667  0.053  -0.066  0.019   0.020  0.000

2450027.50000 (M/D/Y: 11/6/1995)
Flt V0      V0err   kp     kperr   kpp    kpperr
B:  18.268  0.134  -0.439  0.081   0.330  0.000
V:  18.284  0.123  -0.164  0.077   0.170  0.000
R:  18.499  0.090  -0.266  0.056   0.030  0.000
I:  18.070  0.062  -0.332  0.037   0.020  0.000

2449941.50000 (M/D/Y: 8/12/1995)
Flt V0      V0err   kp     kperr   kpp    kpperr
B:  18.223  0.063  -0.554  0.039   0.330  0.000
V:  18.456  0.074  -0.421  0.048   0.170  0.000
R:  18.402  0.026  -0.323  0.016   0.030  0.000
I:  17.696  0.033  -0.268  0.019   0.020  0.000

2450043.50000 (M/D/Y: 11/22/1995)
Flt V0      V0err   kp     kperr   kpp    kpperr
B:  18.982  0.031  -0.666  0.014   0.330  0.000
V:  18.538  0.011  -0.257  0.006   0.170  0.000
R:  18.433  0.016  -0.121  0.009   0.030  0.000
I:  19.402  0.015  -1.112  0.007   0.020  0.000

2450045.50000 (M/D/Y: 11/24/1995)
Flt V0      V0err   kp     kperr   kpp    kpperr
B:  18.10  0.06   -0.21   0.03    0.04    0.000
V:  18.38  0.03   -0.03   0.01    0.20    0.000
R:  18.32  0.03   -0.03   0.01    0.10    0.000
I:  17.71  0.03   -0.08   0.01    0.05    0.000

2450050.50000 (M/D/Y: 11/29/1995)
Flt V0      V0err   kp     kperr   kpp    kpperr
B:  18.788  0.046  -0.940  0.033   0.330  0.000
V:  18.579  0.055  -0.536  0.039   0.170  0.000
R:  17.743  0.031  -0.050  0.021   0.030  0.000
I:  17.821  0.031  -0.406  0.022   0.020  0.000

2450053.50000 (M/D/Y: 12/2/1995)
Flt V0      V0err   kp     kperr   kpp    kpperr
B:  17.849  0.100  -0.109  0.046   0.330  0.000
V:  18.673  0.074  -0.287  0.037   0.170  0.000
R:  18.404  0.058  -0.134  0.029   0.030  0.000
I:  17.652  0.025  -0.086  0.010   0.020  0.000

2450055.50000 (M/D/Y: 12/4/1995)
Flt V0      V0err   kp     kperr   kpp    kpperr
B:  18.428  0.014  -0.446  0.005   0.330  0.000
V:  18.633  0.009  -0.309  0.004   0.170  0.000
R:  18.454  0.010  -0.187  0.003   0.030  0.000
I:  17.692  0.015  -0.082  0.006   0.020  0.000

2450057.50000 (M/D/Y: 12/6/1995)
Flt V0      V0err   kp     kperr   kpp    kpperr
B:  18.10  0.06  -0.21  0.03   0.45  0.000
V:  18.38  0.03  -0.16  0.01   0.20  0.000
R:  18.32  0.03  -0.11  0.01   0.10  0.000
I:  17.71  0.03  -0.08  0.01   0.05  0.000

2450067.50000 (M/D/Y: 12/16/1995)
Flt V0      V0err   kp     kperr   kpp    kpperr
B:  18.064  0.049  -0.173  0.030   0.330  0.000
V:  18.060  0.029   0.039  0.018   0.170  0.000
R:  18.206  0.021  -0.019  0.013   0.030  0.000
I:  17.568  0.021  -0.004  0.013   0.020  0.000

2450072.50000 (M/D/Y: 12/21/1995)
Flt V0      V0err   kp     kperr   kpp    kpperr
B:  18.601  0.012  -0.644  0.008   0.330  0.000
V:  18.492  0.007  -0.295  0.005   0.170  0.000
R:  18.203  0.005  -0.112  0.003   0.030  0.000
I:  17.625  0.008  -0.090  0.005   0.020  0.000

2450080.50000 (M/D/Y: 12/29/1995)
Flt V0      V0err   kp     kperr   kpp    kpperr
B:  18.160  0.008  -0.311  0.004   0.330  0.000
V:  18.416  0.008  -0.215  0.004   0.170  0.000
R:  18.374  0.005  -0.153  0.003   0.030  0.000
I:  17.645  0.007  -0.059  0.004   0.020  0.000

2450095.50000 (M/D/Y: 1/13/1996)
Flt V0      V0err   kp     kperr   kpp    kpperr
B:  18.029  0.018  -0.188  0.011   0.330  0.000
V:  18.319  0.005  -0.156  0.003   0.170  0.000
R:  18.311  0.004  -0.134  0.002   0.030  0.000
I:  17.611  0.007  -0.099  0.004   0.020  0.000

2450092.50000 (M/D/Y: 1/10/1996)
Flt V0      V0err   kp     kperr   kpp    kpperr
B:  19.227  0.037  -0.962  0.019   0.330  0.000
V:  18.842  0.018  -0.634  0.011   0.170  0.000
R:  18.761  0.017  -0.471  0.010   0.030  0.000
I:  17.911  0.016  -0.328  0.010   0.020  0.000

2450113.50000 (M/D/Y: 1/31/1996)
Flt V0      V0err   kp     kperr   kpp    kpperr
B:  18.442  0.031  -0.394  0.020   0.330  0.000
V:  18.455  0.014  -0.230  0.009   0.170  0.000
R:  18.338  0.009  -0.118  0.006   0.030  0.000
I:  17.537  0.008   0.001  0.005   0.020  0.000

2450114.50000 (M/D/Y: 2/1/1996)
Flt V0      V0err   kp     kperr   kpp    kpperr
B:  18.233  0.011  -0.358  0.005   0.330  0.000
V:  18.437  0.020  -0.303  0.014   0.170  0.000
R:  18.342  0.008  -0.191  0.005   0.030  0.000
I:  17.531  0.015  -0.071  0.011   0.020  0.000

2450041.50000 (M/D/Y: 11/20/1995)
Flt V0      V0err   kp     kperr   kpp    kpperr
B:  17.824  0.057  -0.448  0.041   0.330  0.000
V:  18.1    0.155  -0.30   0.095   0.170  0.000
R:  17.908  0.013  -0.240  0.008   0.030  0.000
I:  17.60   0.010  -0.10   0.005   0.020  0.000

2450006.50000 (M/D/Y: 10/16/1995)
Flt V0      V0err   kp     kperr   kpp    kpperr
B:  18.301  0.066  -0.292  0.030   0.330  0.000
V:  18.52   0.143  -0.208  0.050   0.170  0.000
R:  18.40   0.047  -0.15   0.015   0.030  0.000
I:  17.90   0.504  -0.15   0.05    0.020  0.000

2450071.50000 (M/D/Y: 12/20/1995)
Flt V0      V0err   kp     kperr   kpp    kpperr
B:  18.130  0.018  -0.212  0.010   0.330  0.000
V:  18.453  0.012  -0.220  0.007   0.170  0.000
R:  18.394  0.018  -0.151  0.011   0.030  0.000
I:  18.4    0.01   -0.100  0.01    0.02   0.000

2450115.50000 (M/D/Y: 2/2/1996)
Flt V0      V0err   kp     kperr   kpp    kpperr
B:  17.201  0.020   0.183  0.009   0.330  0.000
V:  17.772  0.020  -0.018  0.013   0.170  0.000
R:  18.038  0.009  -0.125  0.006   0.030  0.000
I:  17.252  0.007   0.003  0.005   0.020  0.000

2450117.50000 (M/D/Y: 2/4/1996)
Flt V0      V0err   kp     kperr   kpp    kpperr
B:  18.221  0.095  -0.438  0.067   0.330  0.000
V:  18.557  0.082  -0.435  0.059   0.170  0.000
R:  18.253  0.006  -0.154  0.004   0.030  0.000
I:  17.657  0.014  -0.187  0.010   0.020  0.000

2449988.50000 (M/D/Y: 9/28/1995)
Flt V0      V0err   kp     kperr   kpp    kpperr
B:  18.192  0.035  -0.324  0.014   0.330  0.000
V:  18.556  0.014  -0.297  0.005   0.170  0.000
R:  18.417  0.009  -0.166  0.004   0.030  0.000
I:  17.780  0.014  -0.145  0.005   0.020  0.000



2450127.50000 (M/D/Y: 2/14/1996)
Flt V0      V0err   kp     kperr   kpp    kpperr
B:  17.643  0.040  -0.737  0.028   0.330  0.000
V:  18.885  0.114  -1.552  0.083   0.170  0.000
R:  17.143  0.125  -0.224  0.092   0.030  0.000
I:  18.481  0.177  -1.603  0.131   0.020  0.000

2450092.50000 (M/D/Y: 1/10/1996)
Flt V0      V0err   kp     kperr   kpp    kpperr
B:  19.227  0.037  -0.962  0.019   0.330  0.000
V:  18.842  0.018  -0.634  0.011   0.170  0.000
R:  18.761  0.017  -0.471  0.010   0.030  0.000
I:  17.911  0.016  -0.328  0.010   0.020  0.000

2450137.50000 (M/D/Y: 2/24/1996)
Flt V0      V0err   kp     kperr   kpp    kpperr
B:  18.370  0.015  -0.333  0.008   0.330  0.000
V:  18.621  0.010  -0.255  0.006   0.170  0.000
R:  18.477  0.008  -0.142  0.005   0.030  0.000
I:  17.749  0.014  -0.085  0.006   0.020  0.000


2450149.50000 (M/D/Y: 3/7/1996)
Flt V0      V0err   kp     kperr   kpp    kpperr
B:  18.115  0.019  -0.250  0.013   0.330  0.000
V:  18.453  0.022  -0.209  0.015   0.170  0.000
R:  18.349  0.018  -0.111  0.013   0.030  0.000
I:  17.890  0.023  -0.166  0.015   0.020  0.000

2450150.50000 (M/D/Y: 3/8/1996)
Flt V0      V0err   kp     kperr   kpp    kpperr
B:  18.231  0.045  -0.346  0.026   0.330  0.000
V:  18.470  0.023  -0.255  0.012   0.170  0.000
R:  18.488  0.020  -0.206  0.011   0.030  0.000
I:  17.751  0.021  -0.109  0.012   0.020  0.000

2450151.50000 (M/D/Y: 3/9/1996)
Flt V0      V0err   kp     kperr   kpp    kpperr
B:  18.441  0.010  -0.356  0.006   0.330  0.000
V:  18.572  0.008  -0.273  0.005   0.170  0.000
R:  18.446  0.005  -0.149  0.003   0.030  0.000
I:  17.751  0.014  -0.092  0.007   0.020  0.000

2450152.50000 (M/D/Y: 3/10/1996)
Flt V0      V0err   kp     kperr   kpp    kpperr
B:  18.384  0.013  -0.329  0.008   0.330  0.000
V:  18.363  0.007  -0.147  0.004   0.170  0.000
R:  18.369  0.004  -0.102  0.003   0.030  0.000
I:  17.746  0.003  -0.082  0.002   0.020  0.000

2450153.50000 (M/D/Y: 3/11/1996)
Flt V0      V0err   kp     kperr   kpp    kpperr
B:  18.612  0.020  -0.567  0.013   0.330  0.000
V:  18.444  0.006  -0.254  0.003   0.170  0.000
R:  18.860  0.011  -0.515  0.008   0.030  0.000
I:  18.279  0.007  -0.508  0.004   0.020  0.000

2450155.50000 (M/D/Y: 3/13/1996)
Flt V0      V0err   kp     kperr   kpp    kpperr
B:  17.801  0.049  -0.423  0.022   0.330  0.000
V:  17.863  0.014  -0.195  0.009   0.170  0.000
R:  18.340  0.011  -0.416  0.007   0.030  0.000
I:  17.642  0.017  -0.371  0.011   0.020  0.000

2450157.50000 (M/D/Y: 3/15/1996)
Flt V0      V0err   kp     kperr   kpp    kpperr
B:  18.164  0.015  -0.297  0.008   0.330  0.000
V:  18.549  0.010  -0.298  0.005   0.170  0.000
R:  18.462  0.007  -0.190  0.004   0.030  0.000
I:  17.407  0.004   0.016  0.002   0.020  0.000

2450158.50000 (M/D/Y: 3/16/1996)
Flt V0      V0err   kp     kperr   kpp    kpperr
B:  17.757  0.024  -0.094  0.013   0.330  0.000
V:  18.555  0.007  -0.290  0.005   0.170  0.000
R:  18.457  0.008  -0.171  0.005   0.030  0.000
I:  17.625  0.008  -0.079  0.005   0.020  0.000

2450163.50000 (M/D/Y: 3/21/1996)
Flt V0      V0err   kp     kperr   kpp    kpperr
B:  18.454  0.017  -0.341  0.011   0.330  0.000
V:  18.404  0.009  -0.161  0.006   0.170  0.000
R:  18.446  0.016  -0.147  0.008   0.030  0.000
I:  17.773  0.017  -0.098  0.008   0.020  0.000

2450155.50000 (M/D/Y: 3/13/1996)
Flt V0      V0err   kp     kperr   kpp    kpperr
B:  17.801  0.049  -0.423  0.022   0.330  0.000
V:  17.863  0.014  -0.195  0.009   0.170  0.000
R:  18.340  0.011  -0.416  0.007   0.030  0.000
I:  17.642  0.017  -0.371  0.011   0.020  0.000

2450169.50000 (M/D/Y: 3/27/1996)
Flt V0      V0err   kp     kperr   kpp    kpperr
B:  18.193  0.136  -0.293  0.085   0.330  0.000
V:  18.520  0.035  -0.262  0.018   0.170  0.000
R:  18.429  0.085  -0.145  0.051   0.030  0.000
I:  17.939  0.054  -0.192  0.033   0.020  0.000

2450176.50000 (M/D/Y: 4/3/1996)
Flt V0      V0err   kp     kperr   kpp    kpperr
B:  18.787  0.121  -0.744  0.063   0.330  0.000
V:  18.902  0.032  -0.617  0.015   0.170  0.000
R:  18.847  0.031  -0.546  0.017   0.030  0.000
I:  17.846  0.017  -0.379  0.008   0.020  0.000

2450181.50000 (M/D/Y: 4/8/1996)
Flt V0      V0err   kp     kperr   kpp    kpperr
B:  18.537  0.042  -0.518  0.021   0.330  0.000
V:  18.575  0.019  -0.331  0.010   0.170  0.000
R:  18.204  0.013  -0.224  0.006   0.030  0.000
I:  17.597  0.009  -0.099  0.005   0.020  0.000

2450182.50000 (M/D/Y: 4/9/1996)
Flt V0      V0err   kp     kperr   kpp    kpperr
B:  18.706  0.010  -0.557  0.005   0.330  0.000
V:  18.610  0.007  -0.329  0.004   0.170  0.000
R:  18.620  0.004  -0.269  0.003   0.030  0.000
I:  17.759  0.005  -0.119  0.003   0.020  0.000

2450183.50000 (M/D/Y: 4/10/1996)
Flt V0      V0err   kp     kperr   kpp    kpperr
B:  18.981  0.034  -0.689  0.016   0.330  0.000
V:  18.586  0.025  -0.317  0.012   0.170  0.000
R:  18.556  0.022  -0.236  0.011   0.030  0.000
I:  17.674  0.034  -0.109  0.014   0.020  0.000

2450184.50000 (M/D/Y: 4/11/1996)
Flt V0      V0err   kp     kperr   kpp    kpperr
B:  18.577  0.022  -0.614  0.010   0.330  0.000
V:  18.508  0.009  -0.362  0.006   0.170  0.000
R:  18.493  0.006  -0.291  0.004   0.030  0.000
I:  17.749  0.004  -0.196  0.003   0.020  0.000

2450189.50000 (M/D/Y: 4/16/1996)
Flt V0      V0err   kp     kperr   kpp    kpperr
B:  18.249  0.014  -0.294  0.007   0.330  0.000
V:  18.423  0.006  -0.205  0.003   0.170  0.000
R:  18.451  0.004  -0.175  0.002   0.030  0.000
I:  17.876  0.003  -0.177  0.001   0.020  0.000

2450190.50000 (M/D/Y: 4/17/1996)
Flt V0      V0err   kp     kperr   kpp    kpperr
B:  18.485  0.021  -0.481  0.013   0.330  0.000
V:  18.608  0.016  -0.335  0.011   0.170  0.000
R:  18.446  0.011  -0.201  0.007   0.030  0.000
I:  17.679  0.009  -0.101  0.006   0.020  0.000

2450205.50000 (M/D/Y: 5/2/1996)
Flt V0      V0err   kp     kperr   kpp    kpperr
B:  18.919  0.047  -0.761  0.027   0.330  0.000
V:  18.783  0.025  -0.504  0.015   0.170  0.000
R:  18.644  0.022  -0.357  0.012   0.030  0.000
I:  17.915  0.016  -0.270  0.009   0.020  0.000

2450233.50000 (M/D/Y: 5/30/1996)
Flt V0      V0err   kp     kperr   kpp    kpperr
B:  18.497  0.047  -0.765  0.015   0.330  0.000
V:  18.589  0.021  -0.515  0.007   0.170  0.000
R:  18.474  0.015  -0.367  0.005   0.030  0.000
I:  17.677  0.015  -0.226  0.005   0.020  0.000


2450239.50000 (M/D/Y: 6/5/1996)
Flt V0      V0err   kp     kperr   kpp    kpperr
B:  17.808  0.027  -0.226  0.015   0.330  0.000
V:  18.143  0.010  -0.168  0.004   0.170  0.000
R:  18.006  0.009  -0.078  0.003   0.030  0.000
I:  16.988  0.006   0.107  0.003   0.020  0.000

2450261.50000 (M/D/Y: 6/27/1996)
Flt V0      V0err   kp     kperr   kpp    kpperr
B:  18.232  0.125  -0.361  0.078   0.330  0.000
V:  18.356  0.109  -0.169  0.068   0.170  0.000
R:  18.354  0.090  -0.137  0.059   0.030  0.000
I:  17.560  0.117  -0.024  0.075   0.020  0.000

2450262.50000 (M/D/Y: 6/28/1996)
Flt V0      V0err   kp     kperr   kpp    kpperr
B:  18.181  0.081  -0.343  0.050   0.330  0.000
V:  18.411  0.064  -0.241  0.042   0.170  0.000
R:  18.396  0.030  -0.171  0.021   0.030  0.000
I:  17.705  0.040  -0.135  0.026   0.020  0.000

2450272.50000 (M/D/Y: 7/8/1996)
Flt V0      V0err   kp     kperr   kpp    kpperr
B:  18.129  0.372  -0.322  0.188   0.330  0.000
V:  18.558  0.081  -0.297  0.054   0.170  0.000
R:  18.511  0.039  -0.216  0.027   0.030  0.000
I:  17.352  0.114   0.039  0.057   0.020  0.000

2450274.50000 (M/D/Y: 7/10/1996)
Flt V0      V0err   kp     kperr   kpp    kpperr
B:  18.066  0.030  -0.177  0.018   0.330  0.000
V:  18.543  0.017  -0.243  0.010   0.170  0.000
R:  18.475  0.005  -0.168  0.002   0.030  0.000
I:  17.597  0.022  -0.037  0.012   0.020  0.000

2450275.50000 (M/D/Y: 7/11/1996)
Flt V0      V0err   kp     kperr   kpp    kpperr
B:  18.384  0.020  -0.341  0.013   0.330  0.000
V:  18.552  0.012  -0.269  0.008   0.170  0.000
R:  18.502  0.009  -0.204  0.006   0.030  0.000
I:  17.732  0.010  -0.127  0.007   0.020  0.000

2450280.50000 (M/D/Y: 7/16/1996)
Flt V0      V0err   kp     kperr   kpp    kpperr
B:  18.234  0.018  -0.376  0.009   0.330  0.000
V:  18.508  0.008  -0.304  0.005   0.170  0.000
R:  18.447  0.004  -0.214  0.002   0.030  0.000
I:  17.661  0.003  -0.127  0.002   0.020  0.000

2450287.50000 (M/D/Y: 7/23/1996)
Flt V0      V0err   kp     kperr   kpp    kpperr
B:  18.726  0.030  -0.644  0.017   0.330  0.000
V:  19.070  0.019  -0.620  0.011   0.170  0.000
R:  18.715  0.012  -0.366  0.006   0.030  0.000
I:  18.417  0.014  -0.525  0.007   0.020  0.000

2450289.50000 (M/D/Y: 7/25/1996)
Flt V0      V0err   kp     kperr   kpp    kpperr
B:  18.441  0.038  -0.408  0.027   0.330  0.000
V:  18.414  0.029  -0.178  0.021   0.170  0.000
R:  18.522  0.027  -0.217  0.019   0.030  0.000
I:  17.412  0.097   0.112  0.071   0.020  0.000

2450290.50000 (M/D/Y: 7/26/1996)
Flt V0      V0err   kp     kperr   kpp    kpperr
B:  18.326  0.031  -0.428  0.017   0.330  0.000
V:  18.423  0.019  -0.254  0.011   0.170  0.000
R:  18.386  0.023  -0.183  0.014   0.030  0.000
I:  17.619  0.026  -0.085  0.015   0.020  0.000

2450295.50000 (M/D/Y: 7/31/1996)
Flt V0      V0err   kp     kperr   kpp    kpperr
B:  18.162  0.055  -0.364  0.029   0.330  0.000
V:  18.567  0.035  -0.329  0.019   0.170  0.000
R:  18.331  0.026  -0.149  0.014   0.030  0.000
I:  17.651  0.017  -0.118  0.009   0.020  0.000

2450297.50000 (M/D/Y: 8/2/1996)
Flt V0      V0err   kp     kperr   kpp    kpperr
B:  18.208  0.081  -0.448  0.056   0.330  0.000
V:  18.378  0.062  -0.307  0.046   0.170  0.000
R:  18.381  0.037  -0.268  0.028   0.030  0.000
I:  18.130  0.071  -0.551  0.053   0.020  0.000

2450303.50000 (M/D/Y: 8/8/1996)
Flt V0      V0err   kp     kperr   kpp    kpperr
B:  21.384  0.011  -0.416  0.007   0.330  0.000
V:  20.638  0.011  -0.409  0.006   0.170  0.000
R:  20.159  0.011  -0.332  0.006   0.030  0.000
I:  19.620  0.011  -0.255  0.005   0.020  0.000

2450308.50000 (M/D/Y: 8/13/1996)
Flt V0      V0err   kp     kperr   kpp    kpperr
B:  18.784  0.069  -0.958  0.047   0.330  0.000
V:  18.738  0.023  -0.577  0.013   0.170  0.000
R:  18.622  0.011  -0.437  0.007   0.030  0.000
I:  17.552  0.017  -0.164  0.010   0.020  0.000

2450311.50000 (M/D/Y: 8/16/1996)
Flt V0      V0err   kp     kperr   kpp    kpperr
B:  18.486  0.036  -0.602  0.020   0.330  0.000
V:  18.461  0.024  -0.342  0.014   0.170  0.000
R:  18.362  0.016  -0.236  0.009   0.030  0.000
I:  17.429  0.036  -0.057  0.021   0.020  0.000

2450325.50000 (M/D/Y: 8/30/1996)
Flt V0      V0err   kp     kperr   kpp    kpperr
B:  18.178  0.219  -0.511  0.135   0.330  0.000
V:  18.708  0.061  -0.566  0.035   0.170  0.000
R:  18.237  0.078  -0.202  0.045   0.030  0.000
I:  17.773  0.065  -0.259  0.033   0.020  0.000

2450325.50000 (M/D/Y: 8/30/1996)
Flt V0      V0err   kp     kperr   kpp    kpperr
B:  18.178  0.219  -0.511  0.135   0.330  0.000
V:  18.708  0.061  -0.566  0.035   0.170  0.000
R:  18.237  0.078  -0.202  0.045   0.030  0.000
I:  17.773  0.065  -0.259  0.033   0.020  0.000

2450337.50000 (M/D/Y: 9/11/1996)
Flt V0      V0err   kp     kperr   kpp    kpperr
B:  17.968  0.163  -0.424  0.115   0.330  0.000
V:  18.266  0.024  -0.368  0.012   0.170  0.000
R:  18.242  0.011  -0.297  0.006   0.030  0.000
I:  17.740  0.011  -0.355  0.006   0.020  0.000

2450338.50000 (M/D/Y: 9/12/1996)
Flt V0      V0err   kp     kperr   kpp    kpperr
B:  18.515  0.012  -0.496  0.007   0.330  0.000
V:  18.539  0.007  -0.297  0.004   0.170  0.000
R:  18.438  0.005  -0.189  0.003   0.030  0.000
I:  17.638  0.005  -0.098  0.003   0.020  0.000

2450344.50000 (M/D/Y: 9/18/1996)
Flt V0      V0err   kp     kperr   kpp    kpperr
B:  18.338  0.014  -0.435  0.005   0.330  0.000
V:  18.582  0.009  -0.326  0.005   0.170  0.000
R:  18.426  0.005  -0.197  0.002   0.030  0.000
I:  17.690  0.006  -0.114  0.003   0.020  0.000

2450345.50000 (M/D/Y: 9/19/1996)
Flt V0      V0err   kp     kperr   kpp    kpperr
B:  18.624  0.018  -0.554  0.010   0.330  0.000
V:  18.419  0.006  -0.193  0.003   0.170  0.000
R:  18.361  0.005  -0.120  0.002   0.030  0.000
I:  17.686  0.004  -0.101  0.002   0.020  0.000

2450348.50000 (M/D/Y: 9/22/1996)
Flt V0      V0err   kp     kperr   kpp    kpperr
B:  18.213  0.049  -0.333  0.031   0.330  0.000
V:  18.738  0.026  -0.409  0.017   0.170  0.000
R:  18.473  0.017  -0.210  0.011   0.030  0.000
I:  17.740  0.013  -0.146  0.008   0.020  0.000

2450362.50000 (M/D/Y: 10/6/1996)
Flt V0      V0err   kp     kperr   kpp    kpperr
B:  18.090  0.033  -0.478  0.017   0.330  0.000
V:  18.487  0.020  -0.444  0.012   0.170  0.000
R:  18.359  0.011  -0.294  0.006   0.030  0.000
I:  17.695  0.010  -0.236  0.006   0.020  0.000

2450375.50000 (M/D/Y: 10/19/1996)
Flt V0      V0err   kp     kperr   kpp    kpperr
B:  18.196  0.017  -0.276  0.009   0.330  0.000
V:  18.508  0.013  -0.203  0.007   0.170  0.000
R:  18.527  0.014  -0.189  0.008   0.030  0.000
I:  17.728  0.008  -0.065  0.003   0.020  0.000

2450380.50000 (M/D/Y: 10/24/1996)
Flt V0      V0err   kp     kperr   kpp    kpperr
B:  18.290  0.049  -0.266  0.025   0.330  0.000
V:  18.518  0.047  -0.208  0.022   0.170  0.000
R:  18.461  0.019  -0.129  0.010   0.030  0.000
I:  17.736  0.018  -0.092  0.010   0.020  0.000


2450381.50000 (M/D/Y: 10/25/1996)
Flt V0      V0err   kp     kperr   kpp    kpperr
B:  18.220  0.045  -0.297  0.029   0.330  0.000
V:  18.228  0.019  -0.109  0.011   0.170  0.000
R:  18.359  0.007  -0.079  0.003   0.030  0.000
I:  17.735  0.008  -0.069  0.003   0.020  0.000

2450383.50000 (M/D/Y: 10/27/1996)
Flt V0      V0err   kp     kperr   kpp    kpperr
B:  16.879  0.043   0.039  0.021   0.330  0.000
V:  17.328  0.030   0.057  0.014   0.170  0.000
R:  18.174  0.016  -0.283  0.007   0.030  0.000
I:  16.514  0.029   0.214  0.014   0.020  0.000

2450384.50000 (M/D/Y: 10/28/1996)
Flt V0      V0err   kp     kperr   kpp    kpperr
B:  17.066  0.065  -0.266  0.038   0.330  0.000
V:  17.626  1.593   0.289  1.103   0.170  0.000
R:  18.520  0.100  -0.322  0.046   0.030  0.000
I:  15.861  0.038   0.532  0.019   0.020  0.000

2450387.50000 (M/D/Y: 10/31/1996)
Flt V0      V0err   kp     kperr   kpp    kpperr
B:  18.002  0.017  -0.075  0.010   0.330  0.000
V:  18.398  0.011  -0.097  0.005   0.170  0.000
R:  18.414  0.005  -0.073  0.002   0.030  0.000
I:  17.737  0.004  -0.049  0.002   0.020  0.000

2450388.50000 (M/D/Y: 11/1/1996)
Flt V0      V0err   kp     kperr   kpp    kpperr
B:  17.923  0.019  -0.012  0.011   0.330  0.000
V:  18.478  0.012  -0.155  0.007   0.170  0.000
R:  18.466  0.009  -0.117  0.005   0.030  0.000
I:  17.781  0.009  -0.081  0.005   0.020  0.000

2450389.50000 (M/D/Y: 11/2/1996)
Flt V0      V0err   kp     kperr   kpp    kpperr
B:  17.788  0.089  -0.022  0.061   0.330  0.000
V:  17.879  0.057   0.180  0.037   0.170  0.000
R:  18.258  0.072  -0.025  0.041   0.030  0.000
I:  17.681  0.092  -0.038  0.052   0.020  0.000

2450390.50000 (M/D/Y: 11/3/1996)
Flt V0      V0err   kp     kperr   kpp    kpperr
B:  18.217  0.103  -0.256  0.066   0.330  0.000
V:  18.493  0.020  -0.185  0.009   0.170  0.000
R:  18.406  0.020  -0.109  0.010   0.030  0.000
I:  17.728  0.033  -0.053  0.017   0.020  0.000

2450391.50000 (M/D/Y: 11/4/1996)
Flt V0      V0err   kp     kperr   kpp    kpperr
B:  18.554  0.015  -0.434  0.007   0.330  0.000
V:  18.555  0.011  -0.231  0.005   0.170  0.000
R:  18.521  0.008  -0.172  0.004   0.030  0.000
I:  17.737  0.007  -0.087  0.004   0.020  0.000

2450396.50000 (M/D/Y: 11/9/1996)
Flt V0      V0err   kp     kperr   kpp    kpperr
B:  18.617  0.013  -0.644  0.009   0.330  0.000
V:  18.403  0.012  -0.198  0.008   0.170  0.000
R:  18.477  0.011  -0.185  0.007   0.030  0.000
I:  17.833  0.009  -0.141  0.005   0.020  0.000

2450399.50000 (M/D/Y: 11/12/1996)
Flt V0      V0err   kp     kperr   kpp    kpperr
B:  17.363  0.023   0.311  0.015   0.330  0.000
V:  18.441  0.006  -0.159  0.004   0.170  0.000
R:  18.361  0.010  -0.054  0.006   0.030  0.000
I:  17.824  0.011  -0.107  0.007   0.020  0.000

2450405.50000 (M/D/Y: 11/18/1996)
Flt V0      V0err   kp     kperr   kpp    kpperr
B:  18.570  0.037  -0.466  0.024   0.330  0.000
V:  18.404  0.019  -0.144  0.012   0.170  0.000
R:  18.439  0.014  -0.126  0.009   0.030  0.000
I:  17.673  0.016  -0.043  0.010   0.020  0.000

2450409.50000 (M/D/Y: 11/22/1996)
Flt V0      V0err   kp     kperr   kpp    kpperr
B:  18.335  0.055  -0.422  0.024   0.330  0.000
V:  18.482  0.045  -0.284  0.020   0.170  0.000
R:  18.387  0.023  -0.181  0.011   0.030  0.000
I:  17.660  0.022  -0.101  0.010   0.020  0.000

2450413.50000 (M/D/Y: 11/26/1996)
Flt V0      V0err   kp     kperr   kpp    kpperr
B:  18.233  0.018  -0.243  0.012   0.330  0.000
V:  18.566  0.012  -0.224  0.007   0.170  0.000
R:  18.445  0.011  -0.109  0.007   0.030  0.000
I:  17.775  0.012  -0.086  0.008   0.020  0.000

2450415.50000 (M/D/Y: 11/28/1996)
Flt V0      V0err   kp     kperr   kpp    kpperr
B:  17.804  0.018  -0.108  0.012   0.330  0.000
V:  18.673  0.016  -0.398  0.010   0.170  0.000
R:  18.511  0.012  -0.254  0.007   0.030  0.000
I:  17.684  0.010  -0.099  0.005   0.020  0.000

2450419.50000 (M/D/Y: 12/2/1996)
Flt V0      V0err   kp     kperr   kpp    kpperr
B:  18.242  0.013  -0.353  0.006   0.330  0.000
V:  18.469  0.013  -0.225  0.006   0.170  0.000
R:  18.520  0.011  -0.197  0.006   0.030  0.000
I:  17.832  0.013  -0.118  0.007   0.020  0.000

2450424.50000 (M/D/Y: 12/7/1996)
Flt V0      V0err   kp     kperr   kpp    kpperr
B:  18.483  0.011  -0.375  0.005   0.330  0.000
V:  18.469  0.004  -0.154  0.002   0.170  0.000
R:  18.540  0.003  -0.166  0.001   0.030  0.000
I:  17.908  0.003  -0.164  0.001   0.020  0.000

2450425.50000 (M/D/Y: 12/8/1996)
Flt V0      V0err   kp     kperr   kpp    kpperr
B:  18.313  0.026  -0.268  0.015   0.330  0.000
V:  18.645  0.015  -0.244  0.009   0.170  0.000
R:  18.518  0.012  -0.143  0.008   0.030  0.000
I:  17.780  0.007  -0.071  0.003   0.020  0.000

2450437.50000 (M/D/Y: 12/20/1996)
Flt V0      V0err   kp     kperr   kpp    kpperr
B:  18.375  0.022  -0.275  0.013   0.330  0.000
V:  18.468  0.015  -0.157  0.008   0.170  0.000
R:  18.572  0.023  -0.194  0.013   0.030  0.000
I:  17.684  0.021  -0.011  0.010   0.020  0.000

2450447.50000 (M/D/Y: 12/30/1996)
Flt V0      V0err   kp     kperr   kpp    kpperr
B:  18.128  0.079  -0.416  0.037   0.330  0.000
V:  18.660  0.041  -0.409  0.021   0.170  0.000
R:  18.527  0.032  -0.277  0.019   0.030  0.000
I:  17.711  0.031  -0.127  0.020   0.020  0.000

2450460.50000 (M/D/Y: 1/12/1997)
Flt V0      V0err   kp     kperr   kpp    kpperr
B:  18.567  0.023  -0.400  0.012   0.330  0.000
V:  18.543  0.016  -0.210  0.009   0.170  0.000
R:  18.448  0.010  -0.116  0.006   0.030  0.000
I:  17.781  0.010  -0.080  0.006   0.020  0.000

2450465.50000 (M/D/Y: 1/17/1997)
Flt V0      V0err   kp     kperr   kpp    kpperr
B:  18.276  0.035  -0.288  0.021   0.330  0.000
V:  18.426  0.012  -0.130  0.007   0.170  0.000
R:  18.423  0.007  -0.078  0.004   0.030  0.000
I:  17.772  0.007  -0.041  0.004   0.020  0.000

2450492.50000 (M/D/Y: 2/13/1997)
Flt V0      V0err   kp     kperr   kpp    kpperr
B:  18.180  0.033  -0.361  0.016   0.330  0.000
V:  18.490  0.036  -0.259  0.019   0.170  0.000
R:  18.536  0.022  -0.241  0.014   0.030  0.000
I:  17.861  0.035  -0.163  0.023   0.020  0.000

2450494.50000 (M/D/Y: 2/15/1997)
Flt V0      V0err   kp     kperr   kpp    kpperr
B:  18.534  0.010  -0.400  0.006   0.330  0.000
V:  18.494  0.007  -0.187  0.004   0.170  0.000
R:  18.443  0.004  -0.118  0.003   0.030  0.000
I:  17.734  0.004  -0.059  0.003   0.020  0.000


2450509.50000 (M/D/Y: 3/2/1997)
Flt V0      V0err   kp     kperr   kpp    kpperr
B:  17.658  0.249   0.069  0.177   0.330  0.000
V:  17.217  0.148   0.482  0.105   0.170  0.000
R:  18.412  0.005  -0.271  0.003   0.030  0.000
I:  17.656  0.022  -0.087  0.015   0.020  0.000
I:  17.153  0.009  -0.022  0.005   0.020  0.000

2450510.50000 (M/D/Y: 3/3/1997)
Flt V0      V0err   kp     kperr   kpp    kpperr
B:  17.799  0.177  -0.270  0.127   0.330  0.000
V:  17.861  0.020  -0.143  0.013   0.170  0.000
R:  17.765  0.012   0.007  0.007   0.030  0.000
I:  17.158  0.009  -0.025  0.005   0.020  0.000

2450513.50000 (M/D/Y: 3/6/1997)
Flt V0      V0err   kp     kperr   kpp    kpperr
B:  17.217  0.022   0.033  0.014   0.330  0.000
V:  17.722  0.015  -0.082  0.009   0.170  0.000
R:  17.887  0.010  -0.122  0.006   0.030  0.000
I:  16.637  0.036   0.233  0.020   0.020  0.000

2450515.50000 (M/D/Y: 3/8/1997)
Flt V0      V0err   kp     kperr   kpp    kpperr
B:  21.348  1.003  -2.661  0.645   0.330  0.000
V:  18.796  0.065  -0.733  0.043   0.170  0.000
R:  18.133  0.012  -0.248  0.008   0.030  0.000
I:  17.395  0.016  -0.155  0.011   0.020  0.000

2450517.50000 (M/D/Y: 3/10/1997)
Flt V0      V0err   kp     kperr   kpp    kpperr
B:  18.245  0.022  -0.269  0.014   0.330  0.000
V:  18.402  0.017  -0.173  0.011   0.170  0.000
R:  18.391  0.009  -0.132  0.006   0.030  0.000
I:  17.699  0.008  -0.089  0.006   0.020  0.000

2450519.50000 (M/D/Y: 3/12/1997)
Flt V0      V0err   kp     kperr   kpp    kpperr
B:  18.112  0.052  -0.294  0.032   0.330  0.000
V:  18.601  0.016  -0.369  0.011   0.170  0.000
R:  18.446  0.015  -0.220  0.010   0.030  0.000
I:  17.734  0.013  -0.151  0.008   0.020  0.000

2450522.50000 (M/D/Y: 3/15/1997)
Flt V0      V0err   kp     kperr   kpp    kpperr
B:  18.276  0.009  -0.321  0.005   0.330  0.000
V:  18.494  0.007  -0.222  0.004   0.170  0.000
R:  18.441  0.005  -0.137  0.003   0.030  0.000
I:  17.765  0.006  -0.083  0.004   0.020  0.000

2450527.50000 (M/D/Y: 3/20/1997)
Flt V0      V0err   kp     kperr   kpp    kpperr
B:  18.502  0.096  -0.383  0.041   0.330  0.000
V:  18.485  0.013  -0.221  0.008   0.170  0.000
R:  18.512  0.008  -0.190  0.005   0.030  0.000
I:  17.715  0.007  -0.100  0.004   0.020  0.000

2450533.50000 (M/D/Y: 3/26/1997)
Flt V0      V0err   kp     kperr   kpp    kpperr
B:  18.951  0.018  -0.721  0.010   0.330  0.000
V:  18.557  0.009  -0.254  0.005   0.170  0.000
R:  18.528  0.007  -0.200  0.004   0.030  0.000
I:  17.786  0.009  -0.112  0.006   0.020  0.000

2450534.50000 (M/D/Y: 3/27/1997)
Flt V0      V0err   kp     kperr   kpp    kpperr
B:  18.096  0.009  -0.272  0.006   0.330  0.000
V:  18.504  0.007  -0.246  0.005   0.170  0.000
R:  18.395  0.009  -0.152  0.006   0.030  0.000
I:  17.722  0.010  -0.086  0.007   0.020  0.000

2450538.50000 (M/D/Y: 3/31/1997)
Flt V0      V0err   kp     kperr   kpp    kpperr
B:  18.176  0.012  -0.272  0.008   0.330  0.000
V:  18.466  0.008  -0.213  0.005   0.170  0.000
R:  18.334  0.008  -0.090  0.006   0.030  0.000
I:  17.872  0.009  -0.177  0.006   0.020  0.000

2450539.50000 (M/D/Y: 4/1/1997)
Flt V0      V0err   kp     kperr   kpp    kpperr
B:  17.957  0.010  -0.173  0.007   0.330  0.000
V:  18.417  0.004  -0.200  0.002   0.170  0.000
R:  18.328  0.004  -0.105  0.002   0.030  0.000
I:  17.748  0.004  -0.116  0.002   0.020  0.000

2450552.50000 (M/D/Y: 4/14/1997)
Flt V0      V0err   kp     kperr   kpp    kpperr
B:  18.608  0.117  -0.598  0.086   0.330  0.000
V:  18.833  0.090  -0.545  0.066   0.170  0.000
R:  18.428  0.008  -0.196  0.005   0.030  0.000
I:  17.703  0.005  -0.116  0.003   0.020  0.000

2450553.50000 (M/D/Y: 4/15/1997)
Flt V0      V0err   kp     kperr   kpp    kpperr
B:  18.161  0.016  -0.411  0.010   0.330  0.000
V:  18.324  0.009  -0.205  0.005   0.170  0.000
R:  18.339  0.005  -0.156  0.003   0.030  0.000
I:  17.663  0.016  -0.100  0.007   0.020  0.000

2450555.50000 (M/D/Y: 4/17/1997)
Flt V0      V0err   kp     kperr   kpp    kpperr
B:  18.140  0.016  -0.352  0.009   0.330  0.000
V:  18.308  0.008  -0.226  0.005   0.170  0.000
R:  18.208  0.005  -0.111  0.003   0.030  0.000
I:  17.558  0.003  -0.064  0.002   0.020  0.000

2450556.50000 (M/D/Y: 4/18/1997)
Flt V0      V0err   kp     kperr   kpp    kpperr
B:  18.425  0.031  -0.469  0.015   0.330  0.000
V:  18.430  0.022  -0.286  0.013   0.170  0.000
R:  18.384  0.013  -0.194  0.007   0.030  0.000
I:  17.657  0.015  -0.131  0.007   0.020  0.000

2450558.50000 (M/D/Y: 4/20/1997)
Flt V0      V0err   kp     kperr   kpp    kpperr
B:  19.256  0.094  -1.372  0.064   0.330  0.000
V:  19.616  0.095  -1.347  0.064   0.170  0.000
R:  18.398  0.028  -0.349  0.019   0.030  0.000
I:  20.278  0.042  -2.096  0.028   0.020  0.000

2450564.50000 (M/D/Y: 4/26/1997)
Flt V0      V0err   kp     kperr   kpp    kpperr
B:  18.454  0.006  -0.476  0.003   0.330  0.000
V:  18.401  0.005  -0.239  0.003   0.170  0.000
R:  18.425  0.003  -0.219  0.002   0.030  0.000
I:  17.753  0.003  -0.189  0.002   0.020  0.000

2450572.50000 (M/D/Y: 5/4/1997)
Flt V0      V0err   kp     kperr   kpp    kpperr
B:  17.943  0.042  -0.295  0.021   0.330  0.000
V:  18.365  0.018  -0.256  0.007   0.170  0.000
R:  18.407  0.012  -0.203  0.004   0.030  0.000
I:  17.665  0.008  -0.119  0.003   0.020  0.000

2450574.50000 (M/D/Y: 5/6/1997)
Flt V0      V0err   kp     kperr   kpp    kpperr
B:  18.060  0.018  -0.279  0.008   0.330  0.000
V:  18.509  0.008  -0.274  0.004   0.170  0.000
R:  18.375  0.004  -0.164  0.002   0.030  0.000
I:  17.677  0.004  -0.109  0.002   0.020  0.000


2450578.50000 (M/D/Y: 5/10/1997)
Flt V0      V0err   kp     kperr   kpp    kpperr
B:  17.860  0.020  -0.145  0.009   0.330  0.000
V:  18.311  0.007  -0.166  0.003   0.170  0.000
R:  18.271  0.005  -0.095  0.002   0.030  0.000
I:  17.573  0.007  -0.055  0.003   0.020  0.000

2450579.50000 (M/D/Y: 5/11/1997)
Flt V0      V0err   kp     kperr   kpp    kpperr
B:  18.503  0.028  -0.616  0.017   0.330  0.000
V:  18.573  0.013  -0.427  0.008   0.170  0.000
R:  18.549  0.003  -0.331  0.002   0.030  0.000
I:  17.760  0.008  -0.242  0.005   0.020  0.000

2450583.50000 (M/D/Y: 5/15/1997)
Flt V0      V0err   kp     kperr   kpp    kpperr
B:  18.268  0.030  -0.397  0.013   0.330  0.000
V:  18.619  0.013  -0.363  0.006   0.170  0.000
R:  18.369  0.007  -0.201  0.003   0.030  0.000
I:  17.693  0.006  -0.155  0.003   0.020  0.000

2450584.50000 (M/D/Y: 5/16/1997)
Flt V0      V0err   kp     kperr   kpp    kpperr
B:  18.345  0.048  -0.399  0.022   0.330  0.000
V:  18.412  0.022  -0.276  0.010   0.170  0.000
R:  18.358  0.014  -0.193  0.006   0.030  0.000
I:  17.685  0.015  -0.158  0.006   0.020  0.000

2450588.50000 (M/D/Y: 5/20/1997)
Flt V0      V0err   kp     kperr   kpp    kpperr
B:  18.171  0.038  -0.303  0.018   0.330  0.000
V:  18.499  0.017  -0.239  0.008   0.170  0.000
R:  18.410  0.013  -0.159  0.006   0.030  0.000
I:  17.718  0.013  -0.111  0.005   0.020  0.000

2450589.50000 (M/D/Y: 5/21/1997)
Flt V0      V0err   kp     kperr   kpp    kpperr
B:  17.983  0.019  -0.282  0.010   0.330  0.000
V:  18.308  0.009  -0.188  0.005   0.170  0.000
R:  18.211  0.007  -0.083  0.003   0.030  0.000
I:  17.649  0.007  -0.091  0.003   0.020  0.000

2450590.50000 (M/D/Y: 5/22/1997)
Flt V0      V0err   kp     kperr   kpp    kpperr
B:  18.872  0.019  -0.684  0.008   0.330  0.000
V:  18.522  0.012  -0.285  0.006   0.170  0.000
R:  18.824  0.007  -0.394  0.003   0.030  0.000
I:  17.840  0.006  -0.212  0.003   0.020  0.000

2450639.50000 (M/D/Y: 7/10/1997)
Flt V0      V0err   kp     kperr   kpp    kpperr
B:  17.699  0.046  -0.204  0.031   0.330  0.000
V:  18.375  0.008  -0.315  0.005   0.170  0.000
R:  18.502  0.016  -0.372  0.011   0.030  0.000
I:  17.196  0.021   0.125  0.016   0.020  0.000

2450658.50000 (M/D/Y: 7/29/1997)
Flt V0      V0err   kp     kperr   kpp    kpperr
B:  17.974  0.051  -0.272  0.028   0.330  0.000
V:  18.214  0.019  -0.131  0.012   0.170  0.000
R:  18.252  0.013  -0.107  0.008   0.030  0.000
I:  17.596  0.014  -0.093  0.010   0.020  0.000

2450660.50000 (M/D/Y: 7/31/1997)
Flt V0      V0err   kp     kperr   kpp    kpperr
B:  18.410  0.037  -0.504  0.021   0.330  0.000
V:  18.596  0.018  -0.333  0.010   0.170  0.000
R:  18.719  0.008  -0.363  0.004   0.030  0.000
I:  17.948  0.007  -0.269  0.004   0.020  0.000

2450702.50000 (M/D/Y: 9/11/1997)
Flt V0      V0err   kp     kperr   kpp    kpperr
B:  18.211  0.048  -0.300  0.030   0.330  0.000
V:  18.420  0.017  -0.215  0.010   0.170  0.000
R:  18.321  0.009  -0.115  0.006   0.030  0.000
I:  17.716  0.015  -0.135  0.011   0.020  0.000

2450703.50000 (M/D/Y: 9/12/1997)
Flt V0      V0err   kp     kperr   kpp    kpperr
B:  18.169  0.037  -0.365  0.017   0.330  0.000
V:  18.503  0.014  -0.275  0.007   0.170  0.000
R:  18.376  0.012  -0.160  0.006   0.030  0.000
I:  17.696  0.013  -0.116  0.007   0.020  0.000

2450716.50000 (M/D/Y: 9/25/1997)
Flt V0      V0err   kp     kperr   kpp    kpperr
B:  18.786  0.073  -0.704  0.046   0.330  0.000
V:  18.710  0.036  -0.377  0.025   0.170  0.000
R:  18.394  0.016  -0.128  0.010   0.030  0.000
I:  17.675  0.018  -0.061  0.012   0.020  0.000

2450717.50000 (M/D/Y: 9/26/1997)
Flt V0      V0err   kp     kperr   kpp    kpperr
B:  18.091  0.056  -0.311  0.029   0.330  0.000
V:  18.513  0.032  -0.276  0.016   0.170  0.000
R:  18.325  0.026  -0.129  0.014   0.030  0.000
I:  17.610  0.041  -0.085  0.022   0.020  0.000

2450720.50000 (M/D/Y: 9/29/1997)
Flt V0      V0err   kp     kperr   kpp    kpperr
B:  18.452  0.049  -0.337  0.026   0.330  0.000
V:  18.512  0.023  -0.212  0.012   0.170  0.000
R:  18.354  0.006  -0.119  0.004   0.030  0.000
I:  17.698  0.016  -0.106  0.011   0.020  0.000

2450721.50000 (M/D/Y: 9/30/1997)
Flt V0      V0err   kp     kperr   kpp    kpperr
B:  18.278  0.042  -0.367  0.029   0.330  0.000
V:  18.290  0.016  -0.147  0.011   0.170  0.000
R:  18.284  0.011  -0.119  0.008   0.030  0.000
I:  17.587  0.013  -0.086  0.009   0.020  0.000

2450722.50000 (M/D/Y: 10/1/1997)
Flt V0      V0err   kp     kperr   kpp    kpperr
B:  17.973  0.023  -0.138  0.014   0.330  0.000
V:  18.430  0.024  -0.214  0.016   0.170  0.000
R:  18.404  0.014  -0.179  0.010   0.030  0.000
I:  17.613  0.017  -0.069  0.012   0.020  0.000

2450723.50000 (M/D/Y: 10/2/1997)
Flt V0      V0err   kp     kperr   kpp    kpperr
B:  18.081  0.093  -0.241  0.052   0.330  0.000
V:  18.489  0.011  -0.276  0.005   0.170  0.000
R:  18.392  0.007  -0.190  0.003   0.030  0.000
I:  17.797  0.010  -0.220  0.006   0.020  0.000

2450724.50000 (M/D/Y: 10/3/1997)
Flt V0      V0err   kp     kperr   kpp    kpperr
B:  19.051  0.088  -0.908  0.048   0.330  0.000
V:  18.583  0.030  -0.373  0.016   0.170  0.000
R:  18.561  0.013  -0.308  0.007   0.030  0.000
I:  17.693  0.014  -0.156  0.007   0.020  0.000

2450728.50000 (M/D/Y: 10/7/1997)
Flt V0      V0err   kp     kperr   kpp    kpperr
B:  18.035  0.117  -0.425  0.056   0.330  0.000
V:  18.482  0.037  -0.356  0.019   0.170  0.000
R:  18.428  0.023  -0.263  0.012   0.030  0.000
I:  17.807  0.034  -0.214  0.018   0.020  0.000

2450738.50000 (M/D/Y: 10/17/1997)
Flt V0      V0err   kp     kperr   kpp    kpperr
B:  19.539  0.134  -1.245  0.081   0.330  0.000
V:  19.319  0.061  -0.761  0.034   0.170  0.000
R:  19.356  0.054  -0.679  0.027   0.030  0.000
I:  18.693  0.048  -0.617  0.023   0.020  0.000

2450742.50000 (M/D/Y: 10/21/1997)
Flt V0      V0err   kp     kperr   kpp    kpperr
B:  17.740  0.036  -0.043  0.022   0.330  0.000
V:  18.387  0.012  -0.200  0.006   0.170  0.000
R:  18.416  0.009  -0.160  0.005   0.030  0.000
I:  17.812  0.009  -0.147  0.005   0.020  0.000

2450751.50000 (M/D/Y: 10/30/1997)
Flt V0      V0err   kp     kperr   kpp    kpperr
B:  17.468  0.316  -0.080  0.187   0.330  0.000
V:  18.180  0.134  -0.230  0.090   0.170  0.000
R:  18.418  0.016  -0.322  0.007   0.030  0.000
I:  17.719  0.031  -0.242  0.016   0.020  0.000

2450769.50000 (M/D/Y: 11/17/1997)
Flt V0      V0err   kp     kperr   kpp    kpperr
B:  18.288  0.042  -0.363  0.023   0.330  0.000
V:  18.557  0.017  -0.248  0.008   0.170  0.000
R:  18.487  0.020  -0.162  0.010   0.030  0.000
I:  17.825  0.019  -0.095  0.009   0.020  0.000

2450770.50000 (M/D/Y: 11/18/1997)
Flt V0      V0err   kp     kperr   kpp    kpperr
B:  18.404  0.021  -0.578  0.010   0.330  0.000
V:  18.525  0.011  -0.362  0.006   0.170  0.000
R:  18.477  0.006  -0.254  0.003   0.030  0.000
I:  17.722  0.006  -0.145  0.003   0.020  0.000

2450775.50000 (M/D/Y: 11/23/1997)
Flt V0      V0err   kp     kperr   kpp    kpperr
B:  18.338  0.101  -0.390  0.058   0.330  0.000
V:  18.454  0.035  -0.225  0.017   0.170  0.000
R:  18.403  0.030  -0.140  0.014   0.030  0.000
I:  17.665  0.022  -0.044  0.011   0.020  0.000

2450777.50000 (M/D/Y: 11/25/1997)
Flt V0      V0err   kp     kperr   kpp    kpperr
B:  19.161  0.074  -1.276  0.051   0.330  0.000
V:  19.628  0.043  -1.381  0.031   0.170  0.000
R:  19.351  0.022  -1.038  0.016   0.030  0.000
I:  18.166  0.012  -0.609  0.009   0.020  0.000

2450779.50000 (M/D/Y: 11/27/1997)
Flt V0      V0err   kp     kperr   kpp    kpperr
B:  18.190  0.032  -0.390  0.018   0.330  0.000
V:  17.880  0.033  -0.154  0.019   0.170  0.000
R:  17.773  0.020   0.026  0.011   0.030  0.000
I:  19.522  0.000  -0.953  0.000   0.020  0.000

2450779.50000 (M/D/Y: 11/27/1997)
Flt V0      V0err   kp     kperr   kpp    kpperr
B:  18.190  0.032  -0.390  0.018   0.330  0.000
V:  17.880  0.033  -0.154  0.019   0.170  0.000
R:  17.732  0.023   0.043  0.012   0.030  0.000
I:  34.203  1.735  -5.327  0.548   0.020  0.000

2450779.50000 (M/D/Y: 11/27/1997)
Flt V0      V0err   kp     kperr   kpp    kpperr
B:  18.256  0.033  -0.397  0.018   0.330  0.000
V:  17.880  0.033  -0.154  0.019   0.170  0.000
R:  17.732  0.023   0.043  0.012   0.030  0.000
I:  34.203  1.735  -5.327  0.548   0.020  0.000
