2450885.34548  14 112  23.2   0 1017.5   0.0
2450885.34552  15 142  23.2   0 1017.5   0.0
2450885.34559  17 120  23.2   0 1017.5   0.0
2450885.34571  19 157  23.2   0 1017.5   0.0
2450885.34577  23 133  23.2   0 1017.5   0.0
2450885.34585  17 129  23.2   0 1017.5   0.0
2450885.34589  22 116  23.3   0 1017.5   0.0
2450885.34598  19 139  23.2   0 1017.5   0.0
2450885.34623  18 163  23.3   0 1017.5   0.0
2450885.34628  15 139  23.3   0 1017.5   0.0
2450885.34639  19 115  23.4   0 1017.5   0.0
2450885.34646  24 120  23.3   0 1017.5   0.0
2450885.34662  19 144  23.3   0 1017.5   0.0
2450885.34678  23 104  23.2   0 1017.5   0.0
2450885.34679  24 139  23.2   0 1017.5   0.0
2450885.34687  19 139  23.2   0 1017.5   0.0
2450885.34699  18 113  23.3   0 1017.5   0.0
2450885.34705  16 135  23.3   0 1017.5   0.0
2450885.34719  14 113  23.4   0 1017.5   0.0
2450885.34726  15 140  23.2   0 1017.4   0.0
2450885.34744  13 113  23.3   0 1017.4   0.0
2450885.34746  13 165  23.3   0 1017.4   0.0
2450885.34748  15 127  23.4   0 1017.4   0.0
2450885.34757  13 167  23.4   0 1017.4   0.0
2450885.34758  12 130  23.3   0 1017.4   0.0
2450885.34759  12 157  23.3   0 1017.4   0.0
2450885.34764  12 135  23.3   0 1017.4   0.0
2450885.34771  17 118  23.3   0 1017.4   0.0
2450885.34776  15 163  23.3   0 1017.4   0.0
2450885.34779  20 161  23.3   0 1017.4   0.0
2450885.34804  23 127  23.3   0 1017.5   0.0
2450885.34807  22 153  23.3   0 1017.5   0.0
2450885.34828  17 151  23.3   0 1017.5   0.0
2450885.34837  18 125  23.3   0 1017.5   0.0
2450885.34868  16 150  23.4   0 1017.4   0.0
2450885.34875  17 122  23.3   0 1017.4   0.0
2450885.34891  12 130  23.3   0 1017.4   0.0
2450885.34895  12 108  23.3   0 1017.4   0.0
2450885.34896  12 132  23.3   0 1017.4   0.0
2450885.34900  12 109  23.3   0 1017.4   0.0
2450885.34906  12 137  23.3   0 1017.4   0.0
2450885.34914   9 164  23.3   0 1017.4   0.0
2450885.34922  14 182  23.3   0 1017.4   0.0
2450885.34928  18 153  23.3   0 1017.4   0.0
2450885.34942  15 182  23.2   0 1017.5   0.0
2450885.34948  17 160  23.2   0 1017.5   0.0
2450885.34953  16 137  23.2   0 1017.5   0.0
2450885.34962  14 163  23.2   0 1017.5   0.0
2450885.34963  14 135  23.2   0 1017.5   0.0
2450885.35009   9 118  23.2   0 1017.5   0.0
2450885.35029   7 142  23.2   0 1017.5   0.0
2450885.35048   7 167  23.2   0 1017.5   0.0
2450885.35051   8 120  23.2   0 1017.5   0.0
2450885.35056   7 143  23.2   0 1017.5   0.0
2450885.35064   9 177  23.2   0 1017.5   0.0
2450885.35073  10 147  23.3   0 1017.4   0.0
2450885.35098   5 181  23.2   0 1017.4   0.0
2450885.35112   7 139  23.2   0 1017.4   0.0
2450885.35117   9 184  23.2   0 1017.4   0.0
2450885.35143   9 160  23.2   0 1017.4   0.0
2450885.35176   9 136  23.3   0 1017.4   0.0
2450885.35180   9 161  23.3   0 1017.4   0.0
2450885.35182  10 136  23.3   0 1017.4   0.0
2450885.35202   5 135  23.3   0 1017.4   0.0
2450885.35205   8 184  23.2   0 1017.4   0.0
2450885.35209  13 177  23.2   0 1017.4   0.0
2450885.35232  14 153  23.3   0 1017.4   0.0
2450885.35234  14 126  23.3   0 1017.4   0.0
2450885.35236  16 163  23.3   0 1017.4   0.0
2450885.35249  16 135  23.4   0 1017.4   0.0
2450885.35251  18 158  23.4   0 1017.4   0.0
2450885.35276  21 135  23.4   0 1017.4   0.0
2450885.35288  17 111  23.4   0 1017.3   0.0
2450885.35291  18 137  23.4   0 1017.3   0.0
2450885.35316  13 143  23.5   0 1017.3   0.0
2450885.35316  13 120  23.5   0 1017.3   0.0
2450885.35323  14 150  23.5   0 1017.3   0.0
2450885.35328  17 125  23.5   0 1017.3   0.0
2450885.35406  12 109  23.4   0 1017.3   0.0
2450885.35408  11 133  23.4   0 1017.3   0.0
2450885.35419  16 129  23.4   0 1017.3   0.0
2450885.35426  14 156  23.4   0 1017.3   0.0
2450885.35441  14 129  23.4   0 1017.3   0.0
2450885.35442  14 151  23.5   0 1017.3   0.0
2450885.35444  14 126  23.5   0 1017.3   0.0
2450885.35461  14 164  23.4   0 1017.3   0.0
2450885.35464  14 135  23.4   0 1017.3   0.0
2450885.35468  18 113  23.4   0 1017.3   0.0
2450885.35470  18 143  23.4   0 1017.3   0.0
2450885.35478  18 112  23.4   0 1017.3   0.0
2450885.35486  16 137  23.4   0 1017.2   0.0
2450885.35499  11 125  23.5   0 1017.2   0.0
2450885.35503  10 102  23.5   0 1017.2   0.0
2450885.35505  10 126  23.5   0 1017.2   0.0
2450885.35521  15 127  23.4   0 1017.2   0.0
2450885.35527  16 105  23.4   0 1017.2   0.0
2450885.35532  15 157  23.4   0 1017.2   0.0
2450885.35534  15 132  23.4   0 1017.2   0.0
2450885.35540  15 109  23.4   0 1017.2   0.0
2450885.35572  14 135  23.4   0 1017.2   0.0
2450885.35573  14 101  23.4   0 1017.2   0.0
2450885.35588  11 129  23.5   0 1017.2   0.0
2450885.35605   9 104  23.4   0 1017.2   0.0
2450885.35625   6 130  23.5   0 1017.2   0.0
2450885.35631   5 94   23.5   0 1017.2   0.0
2450885.35640   5 143  23.4   0 1017.2   0.0
2450885.35644   5 112  23.4   0 1017.2   0.0
2450885.35663   8 164  23.4   0 1017.2   0.0
2450885.35667   9 135  23.4   0 1017.2   0.0
2450885.35679   7 181  23.4   0 1017.2   0.0
2450885.35698   2 192  23.4   0 1017.3   0.0
2450885.35735   7 177  23.4   0 1017.3   0.0
2450885.35768   0 185  23.5   0 1017.2   0.0
2450885.35801   7 199  23.6   0 1017.2   0.0
2450885.35806   9 175  23.6   0 1017.2   0.0
2450885.35813   8 201  23.6   0 1017.2   0.0
2450885.35817   8 177  23.6   0 1017.2   0.0
2450885.35823   7 201  23.6   0 1017.2   0.0
2450885.35831   8 178  23.6   0 1017.2   0.0
2450885.35858   6 220  23.6   0 1017.2   0.0
2450885.35883   0 209  23.6   0 1017.2   0.0
2450885.35895   4 236  23.6   0 1017.2   0.0
2450885.35901   5 210  23.6   0 1017.2   0.0
2450885.35905   6 177  23.6   0 1017.2   0.0
2450885.35908   7 206  23.6   0 1017.2   0.0
2450885.35910   8 177  23.7   0 1017.2   0.0
2450885.35935  10 154  23.7   0 1017.2   0.0
2450885.35951   5 168  23.7   0 1017.2   0.0
2450885.35963   0 180  23.7   0 1017.2   0.0
2450885.36028   7 165  23.8   0 1017.2   0.0
2450885.36030   9 132  23.8   0 1017.2   0.0
2450885.36034   9 157  23.8   0 1017.2   0.0
2450885.36039  11 187  23.8   0 1017.2   0.0
2450885.36045  16 165  23.8   0 1017.2   0.0
2450885.36050  14 132  23.8   0 1017.2   0.0
2450885.36054  16 158  23.8   0 1017.2   0.0
2450885.36062  19 180  23.8   0 1017.2   0.0
2450885.36073  17 153  23.8   0 1017.2   0.0
2450885.36075  14 184  23.8   0 1017.2   0.0
2450885.36079  16 158  23.9   0 1017.2   0.0
2450885.36091  18 133  23.9   0 1017.2   0.0
2450885.36108  18 111  23.8   0 1017.2   0.0
2450885.36110  16 143  23.8   0 1017.2   0.0
2450885.36120  17 105  23.9   0 1017.2   0.0
2450885.36126  21 132  23.9   0 1017.2   0.0
2450885.36136  19 108  23.8   0 1017.2   0.0
2450885.36144  15 130  23.8   0 1017.2   0.0
2450885.36153  14 104  23.9   0 1017.2   0.0
2450885.36186  13 133  23.9   0 1017.0   0.0
2450885.36207  12 97   23.9   0 1017.0   0.0
2450885.36231  12 122  23.9   0 1017.0   0.0
2450885.36241  10 98   23.9   0 1017.0   0.0
2450885.36254   9 73   24.0   0 1017.0   0.0
2450885.36259   7 97   24.0   0 1017.0   0.0
2450885.36263   7 123  24.0   0 1017.0   0.0
2450885.36272  12 127  24.0   0 1017.0   0.0
2450885.36283   9 105  23.9   0 1017.0   0.0
2450885.36285   0 105  23.9   0 1017.0   0.0
2450885.36286   8 118  23.9   0 1017.0   0.0
2450885.36304   3 127  23.9   0 1017.0   0.0
2450885.36309   6 99   23.9   0 1017.0   0.0
2450885.36318   4 125  23.9   0 1017.0   0.0
2450885.36333   7 206  23.8   0 1017.0   0.0
2450885.36339   7 178  23.8   0 1017.0   0.0
2450885.36379   7 201  23.8   0 1017.0   0.0
2450885.36406   2 184  23.8   0 1017.0   0.0
2450885.36409   7 184  23.8   0 1017.0   0.0
2450885.36412   8 147  23.8   0 1017.0   0.0
2450885.36442  12 177  23.7   0 1017.0   0.0
2450885.36444  11 153  23.8   0 1017.0   0.0
2450885.36448  17 146  23.8   0 1017.0   0.0
2450885.36454  22 154  23.8   0 1017.0   0.0
2450885.36466  16 177  23.7   0 1017.0   0.0
2450885.36481  17 201  23.7   0 1017.0   0.0
2450885.36483  15 175  23.7   0 1017.0   0.0
2450885.36495  15 153  23.7   0 1017.0   0.0
2450885.36498  15 182  23.7   0 1017.0   0.0
2450885.36502  19 158  23.7   0 1017.0   0.0
2450885.36506  15 189  23.7   0 1017.0   0.0
2450885.36507  14 154  23.7   0 1017.0   0.0
2450885.36534  19 150  23.7   0 1016.9   0.0
2450885.36547  25 157  23.4   0 1016.9   0.0
2450885.36574  24 135  23.5   0 1016.9   0.0
2450885.36579  26 157  23.5   0 1016.9   0.0
2450885.36596  21 157  23.4   0 1016.9   0.0
2450885.36598  26 156  23.4   0 1016.9   0.0
2450885.36610  31 161  23.4   0 1016.9   0.0
2450885.36619  26 178  23.3   0 1016.9   0.0
2450885.36629  27 154  23.3   0 1016.9   0.0
2450885.36656  21 151  23.1   0 1016.9   0.0
2450885.36666  26 140  23.2   0 1016.9   0.0
2450885.36694  21 132  23.1   0 1016.9   0.0
2450885.36721  16 149  22.8   0 1016.9   0.0
2450885.36725  16 106  22.8   0 1016.9   0.0
2450885.36728  18 137  22.8   0 1016.9   0.0
2450885.36732  23 122  22.8   0 1016.9   0.0
2450885.36749  19 144  22.6   0 1017.0   0.0
2450885.36754  17 115  22.6   0 1017.0   0.0
2450885.36756  16 139  22.6   0 1017.0   0.0
2450885.36773  17 109  22.6   0 1017.0   0.0
2450885.36778  15 133  22.6   0 1017.0   0.0
2450885.36781  18 108  22.6   0 1017.0   0.0
2450885.36786  15 140  22.4   0 1017.0   0.0
2450885.36798  12 116  22.4   0 1017.0   0.0
2450885.36803  17 122  22.4   0 1017.0   0.0
2450885.36821  14 149  22.3   0 1017.0   0.0
2450885.36826  13 119  22.3   0 1017.0   0.0
2450885.36829  12 144  22.3   0 1017.0   0.0
2450885.36837  12 120  22.1   0 1017.0   0.0
2450885.36843  13 150  22.2   0 1017.0   0.0
2450885.36850  13 119  22.2   0 1017.0   0.0
2450885.36853  13 147  22.2   0 1017.0   0.0
2450885.36857  11 123  22.0   0 1017.0   0.0
2450885.36858  11 158  22.0   0 1017.0   0.0
2450885.36860  10 132  22.0   0 1017.0   0.0
2450885.36879   9 156  22.0   0 1016.9   0.0
2450885.36892  14 144  22.0   0 1016.9   0.0
2450885.36905  13 120  21.9   0 1016.9   0.0
2450885.36907  14 146  21.9   0 1016.9   0.0
2450885.36917  19 135  21.9   0 1016.9   0.0
2450885.36928  16 112  21.8   0 1016.9   0.0
2450885.37008  12 90   21.5   0 1017.0   0.0
2450885.37010  12 112  21.5   0 1017.0   0.0
2450885.37043  14 139  21.4   0 1017.0   0.0
2450885.37096   9 150  21.2   0 1017.0   0.0
2450885.37113   5 118  21.1   0 1017.0   0.0
2450885.37128   8 144  21.0   0 1017.0   0.0
2450885.37168   0 136  20.9   0 1016.9   0.0
2450885.37202   5 154  20.8   0 1016.9   0.0
2450885.37215   8 122  20.8   0 1016.9   0.0
2450885.37240   2 94   20.8   0 1017.0   0.0
2450885.37458   5 56   20.4   1 1016.9   0.0
2450885.37482   7 102  20.6   1 1016.9   0.0
2450885.37496   8 142  20.5   1 1016.9   0.0
2450885.37501   6 106  20.5   1 1016.8   0.0
2450885.37518   4 132  20.6   1 1016.8   0.0
2450885.37529   5 102  20.6   1 1016.8   0.0
2450885.37539   5 135  20.6   1 1016.8   0.0
2450885.37548   5 108  20.6   1 1016.8   0.0
2450885.37557   6 78   20.7   1 1016.8   0.0
2450885.37567  10 54   20.6   1 1016.8   0.0
2450885.37570  11 84   20.6   1 1016.8   0.0
2450885.37580  10 57   20.7   1 1016.8   0.0
2450885.37598  11 80   20.6   1 1016.8   0.0
2450885.37615  11 50   20.6   1 1016.8   0.0
2450885.37616  11 73   20.6   1 1016.8   0.0
2450885.37626   9 99   20.8   1 1016.8   0.0
2450885.37665   4 90   20.8   1 1016.8   0.0
2450885.37909   9 144  21.6   0 1016.7   0.0
2450885.37950   8 167  21.7   0 1016.8   0.0
2450885.37964  10 143  21.8   0 1016.8   0.0
2450885.37968   8 165  21.8   0 1016.8   0.0
2450885.37975   8 140  21.9   0 1016.8   0.0
2450885.37984   9 106  22.1   0 1016.8   0.0
2450885.37985   9 132  22.1   0 1016.8   0.0
2450885.37994  11 109  22.1   0 1016.7   0.0
2450885.38003   9 137  22.1   0 1016.7   0.0
2450885.38022   8 167  22.1   0 1016.7   0.0
2450885.38024   8 132  22.1   0 1016.7   0.0
2450885.38027   8 109  22.2   0 1016.7   0.0
2450885.38037   5 68   22.2   0 1016.7   0.0
2450885.38053   8 91   22.3   0 1016.7   0.0
2450885.38069  10 125  22.3   0 1016.8   0.0
2450885.38075  14 147  22.4   0 1016.8   0.0
2450885.38078  19 150  22.4   0 1016.8   0.0
2450885.38088  19 127  22.4   0 1016.8   0.0
2450885.38093  16 150  22.4   0 1016.8   0.0
2450885.38095  17 127  22.4   0 1016.8   0.0
2450885.38096  17 151  22.4   0 1016.8   0.0
2450885.38107  17 123  22.5   0 1016.8   0.0
2450885.38109  17 147  22.5   0 1016.8   0.0
2450885.38123  18 116  22.6   0 1016.8   0.0
2450885.38126  18 149  22.6   0 1016.7   0.0
2450885.38129  20 120  22.6   0 1016.7   0.0
2450885.38132  21 153  22.6   0 1016.7   0.0
2450885.38138  24 115  22.6   0 1016.7   0.0
2450885.38142  27 147  22.6   0 1016.7   0.0
2450885.38155  22 160  22.6   0 1016.7   0.0
2450885.38158  29 147  22.6   0 1016.7   0.0
2450885.38165  24 129  22.6   0 1016.7   0.0
2450885.38168  27 156  22.6   0 1016.7   0.0
2450885.38184  23 133  22.7   0 1016.7   0.0
2450885.38187  24 163  22.7   0 1016.7   0.0
2450885.38190  22 130  22.7   0 1016.7   0.0
2450885.38193  27 158  22.7   0 1016.7   0.0
2450885.38198  27 132  22.7   0 1016.6   0.0
2450885.38202  27 156  22.7   0 1016.6   0.0
2450885.38212  21 168  22.7   0 1016.6   0.0
2450885.38217  20 139  22.7   0 1016.6   0.0
2450885.38219  18 171  22.7   0 1016.6   0.0
2450885.38229  18 144  22.6   0 1016.6   0.0
2450885.38233  23 143  22.7   0 1016.6   0.0
2450885.38234  24 165  22.7   0 1016.6   0.0
2450885.38235  22 135  22.7   0 1016.6   0.0
2450885.38247  28 143  22.7   0 1016.6   0.0
2450885.38297  26 165  22.8   0 1016.6   0.0
2450885.38317  21 171  22.7   0 1016.6   0.0
2450885.38322  20 139  22.7   0 1016.6   0.0
2450885.38324  19 165  22.7   0 1016.6   0.0
2450885.38338  17 140  22.7   0 1016.6   0.0
2450885.38342  17 175  22.7   0 1016.6   0.0
2450885.38350  17 149  22.7   0 1016.6   0.0
2450885.38354  22 174  22.7   0 1016.6   0.0
2450885.38356  28 165  22.7   0 1016.6   0.0
2450885.38369   0 158  22.7   0 1016.6   0.0
2450885.38370  28 147  22.7   0 1016.6   0.0
2450885.38374  26 175  22.7   0 1016.6   0.0
2450885.38380  31 164  22.7   0 1016.6   0.0
2450885.38390  27 187  22.6   0 1016.6   0.0
2450885.38396  27 164  22.7   0 1016.6   0.0
2450885.38400  22 177  22.7   0 1016.6   0.0
2450885.38415  19 150  22.7   0 1016.5   0.0
2450885.38424  25 153  22.7   0 1016.5   0.0
2450885.38445  22 126  22.6   0 1016.5   0.0
2450885.38457  23 149  22.6   0 1016.5   0.0
2450885.38467  22 118  22.6   0 1016.5   0.0
2450885.38472  19 153  22.6   0 1016.6   0.0
2450885.38485  22 127  22.6   0 1016.6   0.0
2450885.38485  21 149  22.6   0 1016.6   0.0
2450885.38492  19 127  22.6   0 1016.6   0.0
2450885.38499  15 160  22.5   0 1016.6   0.0
2450885.38532  20 157  22.6   0 1016.6   0.0
2450885.38551  17 182  22.6   0 1016.6   0.0
2450885.38554  20 153  22.6   0 1016.6   0.0
2450885.38559  19 122  22.6   0 1016.6   0.0
2450885.38562  19 144  22.6   0 1016.6   0.0
2450885.38586  16 106  22.6   0 1016.6   0.0
2450885.38588  17 137  22.6   0 1016.6   0.0
2450885.38595  23 133  22.6   0 1016.6   0.0
2450885.38620  22 111  22.6   0 1016.5   0.0
2450885.38622  23 140  22.6   0 1016.5   0.0
2450885.38623  24 102  22.6   0 1016.5   0.0
2450885.38624  26 135  22.6   0 1016.5   0.0
2450885.38653  24 157  22.5   0 1016.5   0.0
2450885.38655  26 135  22.5   0 1016.5   0.0
2450885.38659  23 164  22.5   0 1016.5   0.0
2450885.38674  18 168  22.6   0 1016.5   0.0
2450885.38680  16 132  22.5   0 1016.5   0.0
2450885.38683  17 180  22.5   0 1016.5   0.0
2450885.38701  19 153  22.6   0 1016.5   0.0
2450885.38703  18 180  22.6   0 1016.5   0.0
2450885.38728  19 151  22.6   0 1016.5   0.0
2450885.38729  19 187  22.6   0 1016.5   0.0
2450885.38732  24 180  22.6   0 1016.5   0.0
2450885.38751  19 181  22.6   0 1016.5   0.0
2450885.38761  18 154  22.6   0 1016.5   0.0
2450885.38767  24 172  22.6   0 1016.5   0.0
2450885.38792  19 168  22.5   0 1016.5   0.0
2450885.38803  21 140  22.4   0 1016.5   0.0
2450885.38804  20 163  22.4   0 1016.5   0.0
2450885.38841  15 184  22.6   0 1016.5   0.0
2450885.38849  12 156  22.7   0 1016.5   0.0
2450885.38850  11 188  22.7   0 1016.5   0.0
2450885.38853  11 154  22.7   0 1016.5   0.0
2450885.38860  13 178  22.5   0 1016.5   0.0
2450885.38864  18 156  22.5   0 1016.5   0.0
2450885.38884  14 132  22.5   0 1016.5   0.0
2450885.38885  15 156  22.5   0 1016.5   0.0
2450885.38887  17 126  22.5   0 1016.5   0.0
2450885.38888  17 153  22.5   0 1016.5   0.0
2450885.38906  23 154  22.4   0 1016.5   0.0
2450885.38931  18 142  22.6   0 1016.5   0.0
2450885.38943  16 106  22.6   0 1016.5   0.0
2450885.38944  15 130  22.6   0 1016.5   0.0
2450885.38959  10 130  22.6   0 1016.5   0.0
2450885.38969   6 108  22.6   0 1016.5   0.0
2450885.38984   0 88   22.6   0 1016.5   0.0
2450885.39002   7 88   22.6   0 1016.5   0.0
2450885.39004   8 158  22.6   0 1016.5   0.0
2450885.39005   8 132  22.6   0 1016.5   0.0
2450885.39010   7 160  22.6   0 1016.5   0.0
2450885.39019  13 136  22.6   0 1016.5   0.0
2450885.39022  18 127  22.6   0 1016.5   0.0
2450885.39034  21 156  22.7   0 1016.5   0.0
2450885.39037  24 132  22.7   0 1016.5   0.0
2450885.39038  22 157  22.7   0 1016.5   0.0
2450885.39044  21 132  22.6   0 1016.5   0.0
2450885.39060  17 154  22.7   0 1016.5   0.0
2450885.39063  18 126  22.7   0 1016.5   0.0
2450885.39085  15 164  22.6   0 1016.5   0.0
2450885.39086  14 132  22.6   0 1016.5   0.0
2450885.39098  12 90   22.7   0 1016.5   0.0
2450885.39099  12 122  22.6   0 1016.5   0.0
2450885.39102  12 94   22.6   0 1016.5   0.0
2450885.39107  12 132  22.6   0 1016.5   0.0
2450885.39113  16 105  22.7   0 1016.5   0.0
2450885.39128  14 129  22.7   0 1016.5   0.0
2450885.39132  13 156  22.7   0 1016.5   0.0
2450885.39138  16 112  22.7   0 1016.5   0.0
2450885.39141  19 139  22.7   0 1016.5   0.0
2450885.39158  18 116  22.8   0 1016.5   0.0
2450885.39162  17 142  22.8   0 1016.5   0.0
2450885.39166  17 118  22.8   0 1016.5   0.0
2450885.39168  15 140  22.6   0 1016.5   0.0
2450885.39174  20 142  22.6   0 1016.5   0.0
2450885.39185  18 108  22.8   0 1016.5   0.0
2450885.39193  20 133  22.7   0 1016.5   0.0
2450885.39215  15 126  22.8   0 1016.5   0.0
2450885.39238  12 99   22.8   0 1016.5   0.0
2450885.39245  17 106  22.8   0 1016.5   0.0
2450885.39255  12 106  22.8   0 1016.5   0.0
2450885.39280  14 139  22.8   0 1016.5   0.0
2450885.39283  15 105  22.8   0 1016.5   0.0
2450885.39291  13 130  22.8   0 1016.5   0.0
2450885.39293  12 108  22.8   0 1016.5   0.0
2450885.39296  12 133  22.8   0 1016.5   0.0
2450885.39315  13 157  22.7   0 1016.3   0.0
2450885.39316  13 130  22.7   0 1016.3   0.0
2450885.39317  13 163  22.7   0 1016.3   0.0
2450885.39324  10 140  22.7   0 1016.3   0.0
2450885.39330   9 167  22.7   0 1016.3   0.0
2450885.39342  10 142  22.8   0 1016.3   0.0
2450885.39346   9 188  22.8   0 1016.3   0.0
2450885.39350   9 160  22.9   0 1016.3   0.0
2450885.39353   9 209  22.9   0 1016.3   0.0
2450885.39359  14 196  22.9   0 1016.3   0.0
2450885.39361  15 219  22.8   0 1016.3   0.0
2450885.39363  16 196  22.8   0 1016.3   0.0
2450885.39364  17 222  22.8   0 1016.3   0.0
2450885.39397  15 189  22.9   0 1016.5   0.0
2450885.39398  15 212  22.9   0 1016.5   0.0
2450885.39410  11 189  22.8   0 1016.5   0.0
2450885.39414  11 226  22.8   0 1016.5   0.0
2450885.39441   9 254  22.9   0 1016.5   0.0
2450885.39477   7 215  22.9   0 1016.5   0.0
2450885.39505   5 189  23.0   0 1016.5   0.0
2450885.39512   5 212  23.0   0 1016.5   0.0
2450885.39521   5 177  23.0   0 1016.3   0.0
2450885.39525   7 209  23.0   0 1016.3   0.0
2450885.39526   8 182  23.0   0 1016.3   0.0
2450885.39530  11 158  23.0   0 1016.3   0.0
2450885.39532  13 135  23.0   0 1016.3   0.0
2450885.39538  13 108  23.0   0 1016.3   0.0
2450885.39542  12 135  23.1   0 1016.3   0.0
2450885.39571  12 161  23.1   0 1016.3   0.0
2450885.39582   8 127  23.0   0 1016.3   0.0
2450885.39603   4 105  23.1   0 1016.5   0.0
2450885.39692   9 94   23.3   0 1016.3   0.0
2450885.39695  11 116  23.3   0 1016.3   0.0
2450885.39707  10 91   23.4   0 1016.3   0.0
2450885.39711  13 115  23.4   0 1016.3   0.0
2450885.39717  13 92   23.4   0 1016.3   0.0
2450885.39721  11 130  23.4   0 1016.3   0.0
