MINALT = 0.08
MAXHA = 3.14159
MAXDEC = 1.5707
SUNDOWN = 0.20944
STOWALT = 1
STOWAZ = 3.14159
SERVICEALT = 1.5
SERVICEAZ = 3.14159
OffTargPitch = 1500
OffTargDuration = 100
OffTargPercent = 10
OnTargPitch = 2000
OnTargDuration = 200
OnTargPercent = 20
FOCNOMHOME = 0
DOMEHYS = 0.04
ACQERR = 0.0001
OffTargPitch = 1500
OffTargDuration = 100
OffTargPercent = 10
OnTargPitch = 2000
OnTargDuration = 200
OnTargPercent = 20
Capella,f|M|G5, 5:16:41.4, 45:59:53,  0.08,2000,0
 @ Mjd= 35908.595269
      HEnc     Denc         HA        Dec
     15892   -11797  1.3352630  0.8029255
Regulus,f|M|B7,10:08:22.3, 11:58:02,  1.35,2000,0
 @ Mjd= 35908.597761
      HEnc     Denc         HA        Dec
     32862   -18368  0.0784453  0.2091533
Spica,f|M|B1,13:25:11.6,-11:09:41,  0.98,2000,0
 @ Mjd= 35908.600541
      HEnc     Denc         HA        Dec
     43324   -20915 -0.7625184 -0.1941285
Est1: HT=  -0.221503 DT=   1.491641 XP=   6.028469 YC=   1.727329
Est2: HT=   0.424380 DT=   1.570772 XP=   5.393090 YC=   1.652435 NP=   0.077269
Spica,f|M|B1,13:25:11.6,-11:09:41,  0.98,2000,0
 @ Mjd= 35908.601904
      HEnc     Denc         HA        Dec
     43475   -23602 -0.7539392 -0.1941335
Regulus,f|M|B7,10:08:22.3, 11:58:02,  1.35,2000,0
 @ Mjd= 35908.602566
      HEnc     Denc         HA        Dec
     32437   -18385  0.1087096  0.2091538
Capella,f|M|G5, 5:16:41.4, 45:59:53,  0.08,2000,0
 @ Mjd= 35908.602917
      HEnc     Denc         HA        Dec
     15265   -11853  1.3834201  0.8029447
Est1: HT=   2.759038 DT=   1.427482 XP=   3.028989 YC=   1.526356
Est2: HT=   2.772507 DT=   1.570760 XP=   3.024042 YC=   1.659446 NP=   0.028501
Dubhe,f|D|K0,11:03:43.7, 61:45:03,  1.79,2000,0
 @ Mjd= 35908.610315
      HEnc     Denc         HA        Dec
     34862    -7252 -0.0838972  1.0778645
Arcturus,f|V|K1,14:15:39.7, 19:10:57, -0.04,2000,0
 @ Mjd= 35908.611836
      HEnc     Denc         HA        Dec
     45805   -16990 -0.9116975  0.3351457
Procyon,f|M|F5, 7:39:18.1,  5:13:30,  0.38,2000,0
 @ Mjd= 35908.613196
      HEnc     Denc         HA        Dec
     23328   -20315  0.8259288  0.0915145
Est1: HT=  -0.146909 DT=   1.492701 XP=   5.953650 YC=   1.725349
Est2: HT=  -0.177376 DT=   1.484987 XP=   5.984971 YC=   1.732839 NP=  -0.002718
Dubhe,f|D|K0,11:03:43.7, 61:45:03,  1.79,2000,0
 @ Mjd= 35908.620743
      HEnc     Denc         HA        Dec
     33785    -7292 -0.0182277  1.0778640
Procyon,f|M|F5, 7:39:18.1,  5:13:30,  0.38,2000,0
 @ Mjd= 35908.622683
      HEnc     Denc         HA        Dec
     22561   -20380  0.8856679  0.0915355
Arcturus,f|V|K1,14:15:39.7, 19:10:57, -0.04,2000,0
 @ Mjd= 35908.623624
      HEnc     Denc         HA        Dec
     44841   -16940 -0.8374577  0.3351280
Est1: HT=  -0.183953 DT=   1.488686 XP=   5.991180 YC=   1.731357
Est2: HT=  -0.186239 DT=   1.489080 XP=   5.993386 YC=   1.730932 NP=  -0.000159
  0:  16821.8 16637.8
  1:      4.2    14.6
  2:  42657.3 43449.9
  0:      3.5     4.0
  1:   2004.7  1975.9
  2:  16948.4 16716.2
  0:      7.9     7.9
  1:    704.4   704.3
  2:     18.5    18.5
  0:      3.0     3.0
  1:     17.4    17.4
  2:    201.5   201.5
