A D/calimage////
A D/camtest////
A D/crop////
A D/csi////
A D/distimages////
A D/dynamics////
A D/findobj////
A D/findstars////
A D/fio////
A D/fitsfilter////
A D/fitshdr////
A D/fitswindow////
A D/focustemp////
A D/fphotom////
A D/fwhm////
A D/hcompress////
A D/imio////
A D/misc////
A D/mklog////
A D/mntmodel////
A D/mosaic////
A D/neoelong////
A D/orbfit////
A D/photcal////
A D/photom////
A D/ppp////
A D/predict////
A D/pterrors////
A D/pvcam////
A D/ricoh////
A D/screen////
A D/snsearch////
A D/spectrocam////
A D/user////
A D/vcam////
A D/vsmon////
A D/vssearch////
A D/wcs////
A D/web////
A D/xdaliclock////
